<?xml version="1.0" encoding="UTF-8"?>
<!-- Generated by org.testng.reporters.JUnitReportReporter -->
<testsuite hostname="Abhis-MBP.home" name="org.parboiled.scala.EOIMatchingTest" tests="1" failures="0" timestamp="1 Oct 2015 16:44:17 GMT" time="0.025" errors="0">
  <testcase name="testEOIMatchingParser" time="0.025" classname="org.parboiled.scala.EOIMatchingTest">
    <error type="org.parboiled.errors.ParserRuntimeException" message="Parser read more than 100K chars beyond EOI, verify that your grammar does not consume EOI indefinitely!">
      <![CDATA[org.parboiled.errors.ParserRuntimeException: Parser read more than 100K chars beyond EOI, verify that your grammar does not consume EOI indefinitely!
	at org.parboiled.buffers.DefaultInputBuffer.throwParsingException(DefaultInputBuffer.java:60)
	at org.parboiled.buffers.DefaultInputBuffer.charAt(DefaultInputBuffer.java:56)
	at org.parboiled.MatcherContext.advanceIndex(MatcherContext.java:285)
	at org.parboiled.matchers.CharMatcher.match(CharMatcher.java:56)
	at org.parboiled.parserunners.BasicParseRunner.match(BasicParseRunner.java:77)
	at org.parboiled.MatcherContext.runMatcher(MatcherContext.java:351)
	at org.parboiled.matchers.OneOrMoreMatcher.match(OneOrMoreMatcher.java:43)
	at org.parboiled.parserunners.BasicParseRunner.match(BasicParseRunner.java:77)
	at org.parboiled.MatcherContext.runMatcher(MatcherContext.java:351)
	at org.parboiled.parserunners.BasicParseRunner.run(BasicParseRunner.java:72)
	at org.parboiled.parserunners.ReportingParseRunner.runBasicMatch(ReportingParseRunner.java:86)
	at org.parboiled.parserunners.ReportingParseRunner.run(ReportingParseRunner.java:66)
	at org.parboiled.scala.parserunners.ReportingParseRunner.run(ReportingParseRunner.scala:34)
	at org.parboiled.scala.testing.ParboiledTest$$anonfun$parse$1.apply$mcV$sp(ParboiledTest.scala:47)
	at org.parboiled.scala.testing.ParboiledTest$$anonfun$parse$1.apply(ParboiledTest.scala:46)
	at org.parboiled.scala.testing.ParboiledTest$$anonfun$parse$1.apply(ParboiledTest.scala:46)
	at scala.util.DynamicVariable.withValue(DynamicVariable.scala:58)
	at org.parboiled.scala.testing.ParboiledTest$class.parse(ParboiledTest.scala:46)
	at org.parboiled.scala.EOIMatchingTest.parse(EOIMatchingTest.scala:24)
	at org.parboiled.scala.EOIMatchingTest.testEOIMatchingParser(EOIMatchingTest.scala:37)
	at sun.reflect.NativeMethodAccessorImpl.invoke0(Native Method)
	at sun.reflect.NativeMethodAccessorImpl.invoke(NativeMethodAccessorImpl.java:62)
	at sun.reflect.DelegatingMethodAccessorImpl.invoke(DelegatingMethodAccessorImpl.java:43)
	at java.lang.reflect.Method.invoke(Method.java:497)
	at org.testng.internal.MethodInvocationHelper.invokeMethod(MethodInvocationHelper.java:74)
	at org.testng.internal.Invoker.invokeMethod(Invoker.java:673)
	at org.testng.internal.Invoker.invokeTestMethod(Invoker.java:846)
	at org.testng.internal.Invoker.invokeTestMethods(Invoker.java:1170)
	at org.testng.internal.TestMethodWorker.invokeTestMethods(TestMethodWorker.java:125)
	at org.testng.internal.TestMethodWorker.run(TestMethodWorker.java:109)
	at org.testng.TestRunner.runWorkers(TestRunner.java:1147)
	at org.testng.TestRunner.privateRun(TestRunner.java:749)
	at org.testng.TestRunner.run(TestRunner.java:600)
	at org.testng.SuiteRunner.runTest(SuiteRunner.java:317)
	at org.testng.SuiteRunner.runSequentially(SuiteRunner.java:312)
	at org.testng.SuiteRunner.privateRun(SuiteRunner.java:274)
	at org.testng.SuiteRunner.run(SuiteRunner.java:223)
	at org.testng.SuiteRunnerWorker.runSuite(SuiteRunnerWorker.java:52)
	at org.testng.SuiteRunnerWorker.run(SuiteRunnerWorker.java:86)
	at org.testng.TestNG.runSuitesSequentially(TestNG.java:1039)
	at org.testng.TestNG.runSuitesLocally(TestNG.java:964)
	at org.testng.TestNG.run(TestNG.java:900)
	at org.scalatest.testng.TestNGSuiteLike$class.run(TestNGSuiteLike.scala:131)
	at org.parboiled.scala.EOIMatchingTest.run(EOIMatchingTest.scala:24)
	at org.scalatest.testng.TestNGSuiteLike$class.runTestNG(TestNGSuiteLike.scala:118)
	at org.parboiled.scala.EOIMatchingTest.runTestNG(EOIMatchingTest.scala:24)
	at org.scalatest.testng.TestNGSuiteLike$class.run(TestNGSuiteLike.scala:63)
	at org.parboiled.scala.EOIMatchingTest.run(EOIMatchingTest.scala:24)
	at org.scalatest.tools.Framework.org$scalatest$tools$Framework$$runSuite(Framework.scala:466)
	at org.scalatest.tools.Framework$ScalaTestTask.execute(Framework.scala:677)
	at sbt.TestRunner.runTest$1(TestFramework.scala:76)
	at sbt.TestRunner.run(TestFramework.scala:85)
	at sbt.TestFramework$$anon$2$$anonfun$$init$$1$$anonfun$apply$8.apply(TestFramework.scala:202)
	at sbt.TestFramework$$anon$2$$anonfun$$init$$1$$anonfun$apply$8.apply(TestFramework.scala:202)
	at sbt.TestFramework$.sbt$TestFramework$$withContextLoader(TestFramework.scala:185)
	at sbt.TestFramework$$anon$2$$anonfun$$init$$1.apply(TestFramework.scala:202)
	at sbt.TestFramework$$anon$2$$anonfun$$init$$1.apply(TestFramework.scala:202)
	at sbt.TestFunction.apply(TestFramework.scala:207)
	at sbt.Tests$$anonfun$9.apply(Tests.scala:216)
	at sbt.Tests$$anonfun$9.apply(Tests.scala:216)
	at sbt.std.Transform$$anon$3$$anonfun$apply$2.apply(System.scala:44)
	at sbt.std.Transform$$anon$3$$anonfun$apply$2.apply(System.scala:44)
	at sbt.std.Transform$$anon$4.work(System.scala:63)
	at sbt.Execute$$anonfun$submit$1$$anonfun$apply$1.apply(Execute.scala:226)
	at sbt.Execute$$anonfun$submit$1$$anonfun$apply$1.apply(Execute.scala:226)
	at sbt.ErrorHandling$.wideConvert(ErrorHandling.scala:17)
	at sbt.Execute.work(Execute.scala:235)
	at sbt.Execute$$anonfun$submit$1.apply(Execute.scala:226)
	at sbt.Execute$$anonfun$submit$1.apply(Execute.scala:226)
	at sbt.ConcurrentRestrictions$$anon$4$$anonfun$1.apply(ConcurrentRestrictions.scala:159)
	at sbt.CompletionService$$anon$2.call(CompletionService.scala:28)
	at java.util.concurrent.FutureTask.run(FutureTask.java:266)
	at java.util.concurrent.Executors$RunnableAdapter.call(Executors.java:511)
	at java.util.concurrent.FutureTask.run(FutureTask.java:266)
	at java.util.concurrent.ThreadPoolExecutor.runWorker(ThreadPoolExecutor.java:1142)
	at java.util.concurrent.ThreadPoolExecutor$Worker.run(ThreadPoolExecutor.java:617)
	at java.lang.Thread.run(Thread.java:745)
]]>
    </error>
  </testcase>
</testsuite>
